[debug] [2026-04-19T06:30:06.036Z] ----------------------------------------------------------------------
[debug] [2026-04-19T06:30:06.042Z] Command:       /usr/local/bin/node /usr/local/bin/firebase init hosting
[debug] [2026-04-19T06:30:06.043Z] CLI Version:   14.3.1
[debug] [2026-04-19T06:30:06.043Z] Platform:      darwin
[debug] [2026-04-19T06:30:06.043Z] Node Version:  v22.14.0
[debug] [2026-04-19T06:30:06.044Z] Time:          Sun Apr 19 2026 03:30:06 GMT-0300 (Brasilia Standard Time)
[debug] [2026-04-19T06:30:06.044Z] ----------------------------------------------------------------------
[debug] 
[debug] [2026-04-19T06:30:06.055Z] > command requires scopes: ["email","openid","https://www.googleapis.com/auth/cloudplatformprojects.readonly","https://www.googleapis.com/auth/firebase","https://www.googleapis.com/auth/cloud-platform"]
[debug] [2026-04-19T06:30:06.056Z] > authorizing via signed-in user (eriane.adsfecap@gmail.com)
[info] 
     ######## #### ########  ######## ########     ###     ######  ########
     ##        ##  ##     ## ##       ##     ##  ##   ##  ##       ##
     ######    ##  ########  ######   ########  #########  ######  ######
     ##        ##  ##    ##  ##       ##     ## ##     ##       ## ##
     ##       #### ##     ## ######## ########  ##     ##  ######  ########

You're about to initialize a Firebase project in this directory:

  /Users/erianedias/Documents/GitHub/site-rosana

[info] 
=== Project Setup
[info] 
[info] First, let's associate this project directory with a Firebase project.
[info] You can create multiple project aliases by running firebase use --add, 
[info] but for now we'll just set up a default project.
[info] 
[debug] [2026-04-19T06:31:19.312Z] Checked if tokens are valid: false, expires at: 1747358769087
[debug] [2026-04-19T06:31:19.312Z] Checked if tokens are valid: false, expires at: 1747358769087
[debug] [2026-04-19T06:31:19.313Z] > refreshing access token with scopes: []
[debug] [2026-04-19T06:31:19.317Z] >>> [apiv2][query] POST https://www.googleapis.com/oauth2/v3/token [none]
[debug] [2026-04-19T06:31:19.318Z] >>> [apiv2][body] POST https://www.googleapis.com/oauth2/v3/token [omitted]
[debug] [2026-04-19T06:31:19.588Z] <<< [apiv2][status] POST https://www.googleapis.com/oauth2/v3/token 400
[debug] [2026-04-19T06:31:19.588Z] <<< [apiv2][body] POST https://www.googleapis.com/oauth2/v3/token [omitted]
[debug] [2026-04-19T06:31:19.589Z] >>> [apiv2][query] GET https://firebase.googleapis.com/v1beta1/projects pageSize=100
[debug] [2026-04-19T06:31:19.756Z] <<< [apiv2][status] GET https://firebase.googleapis.com/v1beta1/projects 401
[debug] [2026-04-19T06:31:19.757Z] <<< [apiv2][body] GET https://firebase.googleapis.com/v1beta1/projects [omitted]
[debug] [2026-04-19T06:31:19.757Z] Got a 401 Unauthenticated error for a call that required authentication. Refreshing tokens.
[debug] [2026-04-19T06:31:19.757Z] Checked if tokens are valid: false, expires at: 1747358769087
[debug] [2026-04-19T06:31:19.757Z] Checked if tokens are valid: false, expires at: 1747358769087
[debug] [2026-04-19T06:31:19.757Z] > refreshing access token with scopes: []
[debug] [2026-04-19T06:31:19.758Z] >>> [apiv2][query] POST https://www.googleapis.com/oauth2/v3/token [none]
[debug] [2026-04-19T06:31:19.759Z] >>> [apiv2][body] POST https://www.googleapis.com/oauth2/v3/token [omitted]
[debug] [2026-04-19T06:31:19.832Z] <<< [apiv2][status] POST https://www.googleapis.com/oauth2/v3/token 400
[debug] [2026-04-19T06:31:19.832Z] <<< [apiv2][body] POST https://www.googleapis.com/oauth2/v3/token [omitted]
[debug] [2026-04-19T06:31:19.835Z] Request to https://firebase.googleapis.com/v1beta1/projects?pageSize=100 had HTTP Error: 401, Request had invalid authentication credentials. Expected OAuth 2 access token, login cookie or other valid authentication credential. See https://developers.google.com/identity/sign-in/web/devconsole-project.
[debug] [2026-04-19T06:31:19.837Z] FirebaseError: Request to https://firebase.googleapis.com/v1beta1/projects?pageSize=100 had HTTP Error: 401, Request had invalid authentication credentials. Expected OAuth 2 access token, login cookie or other valid authentication credential. See https://developers.google.com/identity/sign-in/web/devconsole-project.
    at responseToError (/usr/local/lib/node_modules/firebase-tools/lib/responseToError.js:52:12)
    at RetryOperation._fn (/usr/local/lib/node_modules/firebase-tools/lib/apiv2.js:312:77)
    at process.processTicksAndRejections (node:internal/process/task_queues:105:5)
[error] 
[error] Error: Failed to list Firebase projects. See firebase-debug.log for more info.
